1563125930833	mozrunner::runner	INFO	Running command: "C:\\Program Files\\Mozilla Firefox\\firefox.exe" "-marionette" "-foreground" "-no-remote" "-profile" "C:\\Users\\balin\\AppData\\Local\\Temp\\rust_mozprofile.WKIVhTWkLLrM"
1563125931301	addons.webextension.screenshots@mozilla.org	WARN	Loading extension 'screenshots@mozilla.org': Reading manifest: Invalid extension permission: mozillaAddons
1563125931302	addons.webextension.screenshots@mozilla.org	WARN	Loading extension 'screenshots@mozilla.org': Reading manifest: Invalid extension permission: telemetry
1563125931302	addons.webextension.screenshots@mozilla.org	WARN	Loading extension 'screenshots@mozilla.org': Reading manifest: Invalid extension permission: resource://pdf.js/
1563125931302	addons.webextension.screenshots@mozilla.org	WARN	Loading extension 'screenshots@mozilla.org': Reading manifest: Invalid extension permission: about:reader*
1563125933086	Marionette	INFO	Listening on port 52549
1563125933561	Marionette	WARN	TLS certificate errors will be ignored for this session
[Parent 14972, Gecko_IOThread] WARNING: pipe error: 109: file z:/task_1562361253/build/src/ipc/chromium/src/chrome/common/ipc_channel_win.cc, line 341
[Child 2624, Chrome_ChildThread] WARNING: pipe error: 109: file z:/task_1562361253/build/src/ipc/chromium/src/chrome/common/ipc_channel_win.cc, line 341
[Child 2624, [Child 4444, Chrome_ChildThread] WARNING: pipe error: 109: file z:/task_1562361253/build/src/ipc/chromium/src/chrome/common/ipc_channel_win.cc, line 341
[Child 4444, Chrome_ChildThread] WARNING:[Child 8312, Chrome_ChildThread] WARNING: pipe error: 109: file z:/task_1562361253/build/src/ipc/chromium/src/chrome/common/ipc_channel_win.cc, line 341
[Child 8312, Chrome_ChildT1563125956637	Marionette	INFO	Stopped listening on port 52549

###!!! [Child][RunMessage] Error: Channel closing: too late to send/recv, messages will be lost

[GPU 3116, C
###!!! [Child][MessageChannel::SendAndWait] Error: Channel error: cannot send/recv

1563125963114	mozrunner::runner	INFO	Running command: "C:\\Program Files\\Mozilla Firefox\\firefox.exe" "-marionette" "-foreground" "-no-remote" "-profile" "C:\\Users\\balin\\AppData\\Local\\Temp\\rust_mozprofile.qLXFAtOyNlvc"
1563125963571	addons.webextension.screenshots@mozilla.org	WARN	Loading extension 'screenshots@mozilla.org': Reading manifest: Invalid extension permission: mozillaAddons
1563125963571	addons.webextension.screenshots@mozilla.org	WARN	Loading extension 'screenshots@mozilla.org': Reading manifest: Invalid extension permission: telemetry
1563125963571	addons.webextension.screenshots@mozilla.org	WARN	Loading extension 'screenshots@mozilla.org': Reading manifest: Invalid extension permission: resource://pdf.js/
1563125963571	addons.webextension.screenshots@mozilla.org	WARN	Loading extension 'screenshots@mozilla.org': Reading manifest: Invalid extension permission: about:reader*
1563125965172	Marionette	INFO	Listening on port 52604
1563125965227	Marionette	WARN	TLS certificate errors will be ignored for this session
[Parent 20092, Gecko_IOThread] WARNING: pipe error: 109: file z:/task_1562361253/build/src/ipc/chromium/src/chrome/common/ipc_channel_win.cc, line 341
[Child 18144, Chrome_ChildThread] WARNING: pipe error: 109: file z:/task_1562361253/build/src/ipc/chromium/src/chrome/common/ipc_cha[Child 2188nnel_win.cc, line 341
4, Chrome_ChildThread] WARNING: pipe error: 109: file z:/task_1562361253/build/src/ipc/chromium/src/chrome/common/ipc_channel_win.cc, line 341
[Child 21884, Chrome_Chi[Parent 20092, Gecko_IOThread] WARNING: pipe error: 109: file z:/task_1562361253/build/src/ipc/chromium/src/chrome/common/ipc_channel_win.cc, line 341
[Child 11788, Chrome_ChildThread] WARNING: pipe error: 109: file z:/task_1562361253/build/src/ipc/chromium/src/chrome/common/ipc_channel_win.cc, line 341
[Child 11788, C1563126000545	Marionette	INFO	Stopped listening on port 52604
[GPU 15872, C
###!!! [Child][RunMessage] Error: Channel closing: too late to send/recv, messages will be lost

h
###!!! [Child][MessageChannel::SendAndWait] Error: Channel error: cannot send/recv

1563127893211	mozrunner::runner	INFO	Running command: "C:\\Program Files\\Mozilla Firefox\\firefox.exe" "-marionette" "-foreground" "-no-remote" "-profile" "C:\\Users\\balin\\AppData\\Local\\Temp\\rust_mozprofile.6aSp0nAOnb7J"
1563127893657	addons.webextension.screenshots@mozilla.org	WARN	Loading extension 'screenshots@mozilla.org': Reading manifest: Invalid extension permission: mozillaAddons
1563127893657	addons.webextension.screenshots@mozilla.org	WARN	Loading extension 'screenshots@mozilla.org': Reading manifest: Invalid extension permission: telemetry
1563127893657	addons.webextension.screenshots@mozilla.org	WARN	Loading extension 'screenshots@mozilla.org': Reading manifest: Invalid extension permission: resource://pdf.js/
1563127893657	addons.webextension.screenshots@mozilla.org	WARN	Loading extension 'screenshots@mozilla.org': Reading manifest: Invalid extension permission: about:reader*
1563127895399	Marionette	INFO	Listening on port 52897
1563127895427	Marionette	WARN	TLS certificate errors will be ignored for this session
[Child 7792, Chrome_ChildThread] WARNING: pipe error: 109: file z:/task_1562361253/build/src/ipc/chromium/src/chrome/common/ipc_channel_win.cc, line 341
[Child 7792, Ch[Child 18304, Chrome_ChildThread] WARNING: pipe error: 109: file z:/task_1562361253/build/src/ipc/chromium/src/chrome/common/ipc_channel_win.cc, line 341
[Child 18304, Chr1563127901799	Marionette	INFO	Stopped listening on port 52897

###!!! [Child][RunMessage] Error: Channel closing: too late to send/recv, messages will be lost

[
###!!! [Child][MessageChannel::SendAndWait] Error: Channel error: cannot send/recv

1563127904983	mozrunner::runner	INFO	Running command: "C:\\Program Files\\Mozilla Firefox\\firefox.exe" "-marionette" "-foreground" "-no-remote" "-profile" "C:\\Users\\balin\\AppData\\Local\\Temp\\rust_mozprofile.cfdaOiStudlr"
1563127905427	addons.webextension.screenshots@mozilla.org	WARN	Loading extension 'screenshots@mozilla.org': Reading manifest: Invalid extension permission: mozillaAddons
1563127905427	addons.webextension.screenshots@mozilla.org	WARN	Loading extension 'screenshots@mozilla.org': Reading manifest: Invalid extension permission: telemetry
1563127905427	addons.webextension.screenshots@mozilla.org	WARN	Loading extension 'screenshots@mozilla.org': Reading manifest: Invalid extension permission: resource://pdf.js/
1563127905427	addons.webextension.screenshots@mozilla.org	WARN	Loading extension 'screenshots@mozilla.org': Reading manifest: Invalid extension permission: about:reader*
1563127907070	Marionette	INFO	Listening on port 52950
1563127907105	Marionette	WARN	TLS certificate errors will be ignored for this session
[Child 22284, Chrome_ChildThread] WARNING: pipe error: 109: file z:/task_1562361253/build/src/ipc/chromium/src/chrome/common/[iChild 11296, Chrome_ChildThread] WARNING: pipe error: 109: file z:/task_1562361253pc_chann/bueill_dw/isnr.cc/cipc/,c hlrionmeium/src/chrome/common/ipc_channel_win.c c3,41 
line 341
[Child 22284[Child 11296, Chrome_ChildThrea[Parent 17564, Gecko_IOThread] WARNING: pipe error: 109: file z:/task_1562361253/build/src/ipc/chromium/src/chrome/common/ipc_channel_win.cc, line 341
[Child 4248, Chrome_ChildThread] WARNING: pipe error: 109: file z:/task_1562361253/build/src/ipc/chromium/src/chrome/common/ipc_channel_win.cc, line 341
[Child 4248, Chrome_1563127910065	Marionette	INFO	Stopped listening on port 52950
[GPU 1
###!!! [Child][RunMessage] Error: Channel closing: too late to send/recv, messages will be lost

9
###!!! [Child][MessageChannel::SendAndWait] Error: Channel error: cannot send/recv

1563128182278	mozrunner::runner	INFO	Running command: "C:\\Program Files\\Mozilla Firefox\\firefox.exe" "-marionette" "-foreground" "-no-remote" "-profile" "C:\\Users\\balin\\AppData\\Local\\Temp\\rust_mozprofile.THr6gogBVDMN"
1563128182748	addons.webextension.screenshots@mozilla.org	WARN	Loading extension 'screenshots@mozilla.org': Reading manifest: Invalid extension permission: mozillaAddons
1563128182748	addons.webextension.screenshots@mozilla.org	WARN	Loading extension 'screenshots@mozilla.org': Reading manifest: Invalid extension permission: telemetry
1563128182748	addons.webextension.screenshots@mozilla.org	WARN	Loading extension 'screenshots@mozilla.org': Reading manifest: Invalid extension permission: resource://pdf.js/
1563128182748	addons.webextension.screenshots@mozilla.org	WARN	Loading extension 'screenshots@mozilla.org': Reading manifest: Invalid extension permission: about:reader*
1563128184413	Marionette	INFO	Listening on port 53012
1563128184496	Marionette	WARN	TLS certificate errors will be ignored for this session
console.error: BroadcastService: 
  receivedBroadcastMessage: handler for
  remote-settings/monitor_changes
  threw error:
  Message: Error: Polling for changes failed: http://%(server)s/dummy/blocklist//buckets/monitor/collections/changes/records?_expected=%221563062407121%22 is not a valid URL..
  Stack:
    remoteSettingsFunction/remoteSettings.pollChanges@resource://services-settings/remote-settings.js:201:13

[Parent 20292, Gecko_IOThread] WARNING: pipe error: 109: file z:/task_1562361253/build/src/ipc/chromium/src/chrome/common/ipc_channel_win.cc, line 341
[Parent 20292, Gecko_IOThread] WARNING: pipe error: 109: file z:/task_1562361253/build/src/ipc/chromium/src/chrome/common/ipc_channel_win.cc, line 341

###!!! [Child][MessageChannel] Error: (msgtype=0x530005,name=PHttpChannel::Msg_Cancel) Closed channel: cannot send/recv

[Child 1[Child 836, Chrome_ChildThread] WARNING: pipe error: 109: file z:/task_1562361253/build/src/ipc/chromium/src/chrome/common/ipc_channel_win.cc, line 341
[Child 836, Ch[Parent 20292, Gecko_IOThread] WARNING: pipe error: 109: file z:/task_1562361253/build/src/ipc/chromium/src/chrome/common/ipc_channel_win.cc, line 341
[Child 15504, Chrome_ChildThread] WARNING: pipe error: 109: file z:/task_1562361253/build/src/ipc/chromium/src/chrome/common/ipc_channel_win.cc, line 341
[Child 15501563129524443	Marionette	INFO	Stopped listening on port 53012

###!!! [Child][RunMessage] Error: Channel closing: too late to send/recv, messages will be lost

[
###!!! [Child][MessageChannel::SendAndWait] Error: Channel error: cannot send/recv

1563129618758	mozrunner::runner	INFO	Running command: "C:\\Program Files\\Mozilla Firefox\\firefox.exe" "-marionette" "-foreground" "-no-remote" "-profile" "C:\\Users\\balin\\AppData\\Local\\Temp\\rust_mozprofile.MNC0UzRq9LLg"
1563129619208	addons.webextension.screenshots@mozilla.org	WARN	Loading extension 'screenshots@mozilla.org': Reading manifest: Invalid extension permission: mozillaAddons
1563129619208	addons.webextension.screenshots@mozilla.org	WARN	Loading extension 'screenshots@mozilla.org': Reading manifest: Invalid extension permission: telemetry
1563129619208	addons.webextension.screenshots@mozilla.org	WARN	Loading extension 'screenshots@mozilla.org': Reading manifest: Invalid extension permission: resource://pdf.js/
1563129619208	addons.webextension.screenshots@mozilla.org	WARN	Loading extension 'screenshots@mozilla.org': Reading manifest: Invalid extension permission: about:reader*
1563129620840	Marionette	INFO	Listening on port 53320
1563129620869	Marionette	WARN	TLS certificate errors will be ignored for this session
[Child 6764, Chrome_ChildThread] WARNING: pipe error: 109: file z:/task_1562361253/build/src/ipc/chromium/src/chrome/common/ipc_channel_win.cc, line 341
[Child 6764, Chrome_ChildThread] WAR[Chi[Parent 22064, Gecko_IOThread] WARNING: pipe error: 109: file z:/task_1562361253/build/src/ipc/chromium/src/chrome/common/ipc_channel_win.cc, line 341
[Child 19064, Chrome_ChildThread] WARNING: pipe error: 109: file z:/task_1562361253/build/src/ipc/chromium/src/chrome/common/ipc_channel_win.cc, line 341
[Child 19064, Chrome_1563129627777	Marionette	INFO	Stopped listening on port 53320
[GPU 8
###!!! [Child][RunMessage] Error: Channel closing: too late to send/recv, messages will be lost

328
###!!! [Child][MessageChannel::SendAndWait] Error: Channel error: cannot send/recv

1563129632415	mozrunner::runner	INFO	Running command: "C:\\Program Files\\Mozilla Firefox\\firefox.exe" "-marionette" "-foreground" "-no-remote" "-profile" "C:\\Users\\balin\\AppData\\Local\\Temp\\rust_mozprofile.x2w6U8QKCBT0"
1563129632905	addons.webextension.screenshots@mozilla.org	WARN	Loading extension 'screenshots@mozilla.org': Reading manifest: Invalid extension permission: mozillaAddons
1563129632905	addons.webextension.screenshots@mozilla.org	WARN	Loading extension 'screenshots@mozilla.org': Reading manifest: Invalid extension permission: telemetry
1563129632906	addons.webextension.screenshots@mozilla.org	WARN	Loading extension 'screenshots@mozilla.org': Reading manifest: Invalid extension permission: resource://pdf.js/
1563129632906	addons.webextension.screenshots@mozilla.org	WARN	Loading extension 'screenshots@mozilla.org': Reading manifest: Invalid extension permission: about:reader*
1563129634736	Marionette	INFO	Listening on port 53374
1563129635128	Marionette	WARN	TLS certificate errors will be ignored for this session
console.error: BroadcastService: 
  receivedBroadcastMessage: handler for
  remote-settings/monitor_changes
  threw error:
  Message: Error: Polling for changes failed: http://%(server)s/dummy/blocklist//buckets/monitor/collections/changes/records?_expected=%221563062407121%22 is not a valid URL..
  Stack:
    remoteSettingsFunction/remoteSettings.pollChanges@resource://services-settings/remote-settings.js:201:13

[Parent 14568, Gecko_IOThread] WARNING: pipe error: 109: file z:/task_1562361253/build/src/ipc/chromium/src/chrome/common/ipc_channel_win.cc, line 341
[Parent 14568, Gecko_IOThread] WARNING: pipe error: 109: file z:/task_1562361253/build/src/ipc/chromium/src/chrome/common/ipc_channel_win.cc, line 341
[Child 20840, Chrome_ChildThread] WARNING: pipe error: 109: file z:/task_1562361253/build/src/ipc/chromium/src/chrome/common/ipc_channel_win.cc, line 341
[Child 20840, C[Child 22152, Chrome_ChildThread] WARNING: pipe error: 109: file z:/task_1562361253/build/src/ipc/chromium/src/chrome/common/ipc_channel_win.cc, line 341
[Child 22152, Chrome_ChildThre1563129838595	Marionette	INFO	Stopped listening on port 53374

###!!! [Child][RunMessage] Error: Channel closing: too late to send/recv, messages will be lost

[GPU 17124, Chrome_ChildThread] W
###!!! [Child][MessageChannel::SendAndWait] Error: Channel error: cannot send/recv

stening on port 53602
1563129815404	Marionette	WARN	TLS certificate errors will be ignored for this session
console.error: BroadcastService: 
  receivedBroadcastMessage: handler for
  remote-settings/monitor_changes
  threw error:
  Message: Error: Polling for changes failed: http://%(server)s/dummy/blocklist//buckets/monitor/collections/changes/records?_expected=%221563062407121%22 is not a valid URL..
  Stack:
    remoteSettingsFunction/remoteSettings.pollChanges@resource://services-settings/remote-settings.js:201:13

IPDL protocol error: Handler returned error code!

###!!! [Parent][DispatchAsyncMessage] Error: PAPZCTreeManager::Msg_SetTargetAPZC Processing error: message was deserialized, but the handler returned false (indicating failure)

IPDL protocol error: Handler returned error code!

###!!! [Parent][DispatchAsyncMessage] Error: PAPZCTreeManager::Msg_SetTargetAPZC Processing error: message was deserialized, but the handler returned false (indicating failure)

[Parent 7428, Gecko_IOThread] WARNING: pipe error: 109: file z:/task_1562361253/build/src/ipc/chromium/src/chrome/common/ipc_channel_win.cc, line 341
[Parent 7428, Gecko_IOThread] WARNING: pipe error: 109: file z:/task_1562361253/build/src/ipc/chromium/src/chrome/common/ipc_channel_win.cc, line 341

###!!! [Child][MessageChannel] Error: (msgtype=0x530005,name=PHttpChannel::Msg_Cancel) Closed channel: cannot send/recv

[Child 3756, Chrome_ChildThread] WARNING: pipe error: 109: file z:/task_1562361253/build/src/ipc/chromium/src/chrome/common/ipc_channel_win.cc, line 341
[Child 3756, Chro[Child 15080, Chrome_ChildThread] WARNING: pipe error: 109: file z:/task_1562361253/build/src/ipc/chromium/src/chrome/common/ipc_channel_win.cc, line 341
[Child 150801563134132883	Marionette	INFO	Stopped listening on port 53602

###!!! [Child][RunMessage] Error: Channel closing: too late to send/recv, messages will be lost

[GPU 11684, Chrome_ChildThre
###!!! [Child][MessageChannel::SendAndWait] Error: Channel error: cannot send/recv

lure)

[Parent 18060, Gecko_IOThread] WARNING: pipe error: 109: file z:/task_1562361253/build/src/ipc/chromium/src/chrome/common/ipc_channel_win.cc, line 341
[Parent 18060, Gecko_IOThread] WARNING: pipe error: 109: file z:/task_1562361253/build/src/ipc/chromium/src/chrome/common/ipc_channel_win.cc, line 341
[Child 12012, Chrome_ChildThread] WARNING: pipe error: 109: file z:/task_1562361253/build/src/ipc/chromium/src/chrome/common/ipc_channel_win.cc, line 341
[Child 12012, C[hrome_ChildChild 12128, Chrome_ChildThread] WARNING: pipe error: 109: file z:/task_1562361253/build/src/ipc/chromium/src/chrome/common/ipc_channel_win.cc, line 341
[Child 12128, Chrome_ChildThread] WARNING: [Child 13524, Chrome_ChildThread] WARNING: pipe error: 109: file z:/task_1562361253/build/src/ipc/chromium/src/chrome/common/ipc_channel_win.cc, line 341
[Child 13524, Chr[Child 8748, Chrome_ChildThread] WARNING: pipe error: 109: file z:/task_1562361253/build/src/ipc/chromium/src/chrome/common/ipc_channel_win.cc, line 341
[Child 81563132146392	Marionette	INFO	Stopped listening on port 53749
[GPU 20240, Chro
###!!! [Child][RunMessage] Error: Channel closing: too late to send/recv, messages will be lost

me
###!!! [Child][MessageChannel::SendAndWait] Error: Channel error: cannot send/recv

nWcgsFYPWZ"
1563131956586	addons.webextension.screenshots@mozilla.org	WARN	Loading extension 'screenshots@mozilla.org': Reading manifest: Invalid extension permission: mozillaAddons
1563131956586	addons.webextension.screenshots@mozilla.org	WARN	Loading extension 'screenshots@mozilla.org': Reading manifest: Invalid extension permission: telemetry
1563131956586	addons.webextension.screenshots@mozilla.org	WARN	Loading extension 'screenshots@mozilla.org': Reading manifest: Invalid extension permission: resource://pdf.js/
1563131956586	addons.webextension.screenshots@mozilla.org	WARN	Loading extension 'screenshots@mozilla.org': Reading manifest: Invalid extension permission: about:reader*
1563131958228	Marionette	INFO	Listening on port 54019
1563131958246	Marionette	WARN	TLS certificate errors will be ignored for this session
JavaScript error: http://www.mokka.hu/web/guest, line 5: SyntaxError: "" string literal contains an unescaped line break
[Child 17064, Chrome_ChildThread] WARNING: pipe error: 109: file z:/task_1562361253/build/src/ipc/chromium/src/chrome/common/ipc_channel_win.cc, line 341
[Child 17064, Chrome_Chil[Child 17040, Chrome_ChildThread] WARNING: pipe error: 109: file z:/task_1562361253/build/src/ipc/chromium/src/chrome/common/ipc_channel_win.cc, line 341
[Child 170[Child 17796, Chrome_ChildThread] WARNING: pipe error: 109: file z:/task_1562361253/build/src/ipc/chromium/src/chrome/common/ipc_channel_win.cc, line 341
[Child 17796, Chro1563132148661	Marionette	INFO	Stopped listening on port 54019

###!!! [Child][MessageChannel::SendAndWait] Error: Channel error: cannot send/recv

1563132154243	mozrunner::runner	INFO	Running command: "C:\\Program Files\\Mozilla Firefox\\firefox.exe" "-marionette" "-foreground" "-no-remote" "-profile" "C:\\Users\\balin\\AppData\\Local\\Temp\\rust_mozprofile.QjNOdaRiibDE"
1563132154689	addons.webextension.screenshots@mozilla.org	WARN	Loading extension 'screenshots@mozilla.org': Reading manifest: Invalid extension permission: mozillaAddons
1563132154690	addons.webextension.screenshots@mozilla.org	WARN	Loading extension 'screenshots@mozilla.org': Reading manifest: Invalid extension permission: telemetry
1563132154690	addons.webextension.screenshots@mozilla.org	WARN	Loading extension 'screenshots@mozilla.org': Reading manifest: Invalid extension permission: resource://pdf.js/
1563132154690	addons.webextension.screenshots@mozilla.org	WARN	Loading extension 'screenshots@mozilla.org': Reading manifest: Invalid extension permission: about:reader*
1563132156368	Marionette	INFO	Listening on port 54195
1563132156465	Marionette	WARN	TLS certificate errors will be ignored for this session
console.error: BroadcastService: 
  receivedBroadcastMessage: handler for
  remote-settings/monitor_changes
  threw error:
  Message: Error: Polling for changes failed: http://%(server)s/dummy/blocklist//buckets/monitor/collections/changes/records?_expected=%221563062407121%22 is not a valid URL..
  Stack:
    remoteSettingsFunction/remoteSettings.pollChanges@resource://services-settings/remote-settings.js:201:13

[Child 5560, Chrome_ChildThread] WARNING: pipe error: 109: file z:/task_1562361253/build/src/ipc/chromium/src/chrome/common/ipc_channel_win.cc, line 341
[Child 5560, [Parent 8984, Gecko_IOThread] WARNING: pipe error: 109: file z:/task_1562361253/build/src/ipc/chromium/src/chrome/common/ipc_channel_win.cc, line 341
[Child 344, Chrome_ChildThread] WARNING: pipe error: 109: file z:/task_1562361253/build/src/ipc/chromium/src/chrome/common/ipc_channel_win.cc, line 341
[Child 344, Chrome1563132184522	Marionette	INFO	Stopped listening on port 54195

###!!! [Child][MessageChannel::SendAndWait] Error: Channel error: cannot send/recv

1563132188633	mozrunner::runner	INFO	Running command: "C:\\Program Files\\Mozilla Firefox\\firefox.exe" "-marionette" "-foreground" "-no-remote" "-profile" "C:\\Users\\balin\\AppData\\Local\\Temp\\rust_mozprofile.gZmaM4NbvS6V"
1563132189094	addons.webextension.screenshots@mozilla.org	WARN	Loading extension 'screenshots@mozilla.org': Reading manifest: Invalid extension permission: mozillaAddons
1563132189094	addons.webextension.screenshots@mozilla.org	WARN	Loading extension 'screenshots@mozilla.org': Reading manifest: Invalid extension permission: telemetry
1563132189094	addons.webextension.screenshots@mozilla.org	WARN	Loading extension 'screenshots@mozilla.org': Reading manifest: Invalid extension permission: resource://pdf.js/
1563132189094	addons.webextension.screenshots@mozilla.org	WARN	Loading extension 'screenshots@mozilla.org': Reading manifest: Invalid extension permission: about:reader*
1563132190777	Marionette	INFO	Listening on port 54242
1563132190845	Marionette	WARN	TLS certificate errors will be ignored for this session
console.error: BroadcastService: 
  receivedBroadcastMessage: handler for
  remote-settings/monitor_changes
  threw error:
  Message: Error: Polling for changes failed: http://%(server)s/dummy/blocklist//buckets/monitor/collections/changes/records?_expected=%221563062407121%22 is not a valid URL..
  Stack:
    remoteSettingsFunction/remoteSettings.pollChanges@resource://services-settings/remote-settings.js:201:13

JavaScript warning: resource:///modules/UrlbarView.jsm, line 123: Array.reduce is deprecated; use Array.prototype.reduce instead
JavaScript error: https://books.google.com/advanced_book_search, line 8: ReferenceError: _OC_autoDir is not defined
JavaScript error: https://books.google.com/advanced_book_search, line 13: ReferenceError: _OC_autoDir is not defined
JavaScript error: https://books.google.com/advanced_book_search, line 13: ReferenceError: _OC_autoDir is not defined
JavaScript error: https://books.google.com/advanced_book_search, line 13: ReferenceError: _OC_autoDir is not defined
JavaScript error: https://books.google.com/advanced_book_search, line 13: ReferenceError: _OC_autoDir is not defined
JavaScript error: https://books.google.com/advanced_book_search, line 13: ReferenceError: _OC_autoDir is not defined
JavaScript error: https://books.google.com/advanced_book_search, line 13: ReferenceError: _OC_autoDir is not defined
JavaScript warning: https://static.gyakorikerdesek.hu/jquery.js, line 19: unreachable code after return statement
[Parent 9736, Gecko_IOThread] WARNING: pipe error: 109: file z:/task_1562361253/build/src/ipc/chromium/src/chrome/common/ipc_channel_win.cc, line 341
[Child 14528, Chrome_ChildThread] WARNING: pipe error: 109: file z:/task_1562361253/build/src/ipc/chromium/src/chrome/common/ipc_channel_win.cc, line 341
[Child 14528, Chrome_ChildThread] WARNING: pipe error: 109: file z:/task_1562361253/build/src/ipc/chromium/src/chrome/common/ipc_channel_win.cc, line 341
[Child 14760, Chrome_ChildThread] WARNING: pipe error: 232: file z:/task_1562361253/build/src/ipc/chromium/src/chrome/common/ipc_channel_win.cc, line 502
[Child 14760, Chrome_ChildThread] WARNING: pipe error: 232: file z:/task_1562361253/build/src/ipc/chromium/src/chrome/common/ipc_channel_win.cc, line 502
[Child 14760, Chrome_ChildThread] WARNING: pipe error: 109: file z:/task_1562361253/build/src/ipc/chromium/src/chrome/common/ipc_channel_win.cc, line 341
[Child 14760, Chrome_ChildThread] WARNING: pipe erro[Parent 9736, Gecko_IOThread] WARNING: pipe error: 109: file z:/task_1562361253/build/src/ipc/chromium/src/chrome/common/ipc_channel_win.cc, line 341
[Child 19268, Chrome_ChildThread] WARNING: pipe error: 109: file z:/task_1562361253/build/src/ipc/chromium/src/chrome/common/ipc_channel_win.cc, line 341
[Child 19268, Chrome_ChildThr1563134251620	Marionette	INFO	Stopped listening on port 54242

###!!! [Child][RunMessage] Error: Channel closing: too late to send/recv, messages will be lost

[GPU 
###!!! [Child][MessageChannel::SendAndWait] Error: Channel error: cannot send/recv

ette	WARN	TLS certificate errors will be ignored for this session
[Child 11532, Chrome_ChildThread] WARNING: pipe error: 109: file z:/task_1562361253/build/src/ipc/chromium/src/chrome/common/ipc_channel_win.cc, line 341
[Child 11532, [Parent 6308, Gecko_IOThread] WARNING: pipe error: 109: file z:/task_1562361253/build/src/ipc/chromium/src/chrome/common/ipc_channel_win.cc, line 341
[Child 8748, Chrome_ChildThread] WARNING: pipe error: 109: file z:/task_1562361253/build/src/ipc/chromium/src/chrome/common/ipc_channel_win.cc, line 341
[Child 8748, Chrome_ChildT1563133386730	Marionette	INFO	Stopped listening on port 54508

###!!! [Child][RunMessage] Error: Channel closing: too late to send/recv, messages will be lost

[GPU 1
###!!! [Child][MessageChannel::SendAndWait] Error: Channel error: cannot send/recv

1563134037988	mozrunner::runner	INFO	Running command: "C:\\Program Files\\Mozilla Firefox\\firefox.exe" "-marionette" "-foreground" "-no-remote" "-profile" "C:\\Users\\balin\\AppData\\Local\\Temp\\rust_mozprofile.qrFQlJXjS1LD"
1563134038432	addons.webextension.screenshots@mozilla.org	WARN	Loading extension 'screenshots@mozilla.org': Reading manifest: Invalid extension permission: mozillaAddons
1563134038432	addons.webextension.screenshots@mozilla.org	WARN	Loading extension 'screenshots@mozilla.org': Reading manifest: Invalid extension permission: telemetry
1563134038432	addons.webextension.screenshots@mozilla.org	WARN	Loading extension 'screenshots@mozilla.org': Reading manifest: Invalid extension permission: resource://pdf.js/
1563134038432	addons.webextension.screenshots@mozilla.org	WARN	Loading extension 'screenshots@mozilla.org': Reading manifest: Invalid extension permission: about:reader*
1563134040106	Marionette	INFO	Listening on port 54692
1563134040201	Marionette	WARN	TLS certificate errors will be ignored for this session
[Parent 2468, Gecko_IOThread] WARNING: pipe error: 109: file z:/task_1562361253/build/src/ipc/chromium/src/chrome/common/ipc_channel_win.cc, line 341
[Child 5032, Chrome_ChildThread] WARNING: pipe error: 109: file z:/task_1562361253/build/src/ipc/chromium/src/chrome/common/ipc_channel_win.cc, line 341
[Child 5032, [Parent 2468, Gecko_IOThread] WARNING: pipe error: 109: file z:/task_1562361253/build/src/ipc/chromium/src/chrome/common/ipc_channel_win.cc, line 341
[Child 11852, Chrome_ChildThread] WARNING: pipe error: 109: file z:/task_1562361253/build/src/ipc/chromium/src/chrome/common/ipc_channel_win.cc, line 341
[Child 11852, Chr1563134076704	Marionette	INFO	Stopped listening on port 54692

###!!! [Child][RunMessage] Error: Channel closing: too late to send/recv, messages will be lost

[
###!!! [Child][MessageChannel::SendAndWait] Error: Channel error: cannot send/recv

1563138546686	mozrunner::runner	INFO	Running command: "C:\\Program Files\\Mozilla Firefox\\firefox.exe" "-marionette" "-foreground" "-no-remote" "-profile" "C:\\Users\\balin\\AppData\\Local\\Temp\\rust_mozprofile.tB9xy3ZOnVp0"
1563138547172	addons.webextension.screenshots@mozilla.org	WARN	Loading extension 'screenshots@mozilla.org': Reading manifest: Invalid extension permission: mozillaAddons
1563138547173	addons.webextension.screenshots@mozilla.org	WARN	Loading extension 'screenshots@mozilla.org': Reading manifest: Invalid extension permission: telemetry
1563138547173	addons.webextension.screenshots@mozilla.org	WARN	Loading extension 'screenshots@mozilla.org': Reading manifest: Invalid extension permission: resource://pdf.js/
1563138547173	addons.webextension.screenshots@mozilla.org	WARN	Loading extension 'screenshots@mozilla.org': Reading manifest: Invalid extension permission: about:reader*
1563138548839	Marionette	INFO	Listening on port 55398
1563138548912	Marionette	WARN	TLS certificate errors will be ignored for this session
[Child 16316, Chrome_ChildThread] WARNING: pipe error: 109: file z:/task_1562361253/build/src/ipc/chromium/src/chrome/common/ipc_channel_win.cc, line 341
[Child 16316, Chrome[Child 20248, Chrome_ChildThread] WARNING: pipe error: 109: file z:/task_1562361253/build/src/ipc/chromium/src/chrome/common/ipc_channel_win.cc, line 341
[Child 20248, Chrome_ChildThread] WARNING: pipe error: 109: file z:/task_1562361253/build/src/ipc/chromium/src/chrome/common/ipc_
###!!! [Child][MessageChannel] Error: (msgtype=0x530005,name=PHttpChannel::Msg_Cancel) Closed channel: cannot send/recv

channel_win.cc, line 341
[Parent 16916, Gecko_IOThread] WARNING: pipe error: 109: file z:/task_1562361253/build/src/ipc/chromium/src/chrome/common/ipc_channel_win.cc, line 341
[Child 9604, Chrome_ChildThread] WARNING: pipe error: 109: file z:/task_1562361253/build/src/ipc/chromium/src/chrome/common/ipc_channel_win.cc, line 341
[Child 9604, C1563138581867	mozrunner::runner	INFO	Running command: "C:\\Program Files\\Mozilla Firefox\\firefox.exe" "-marionette" "-foreground" "-no-remote" "-profile" "C:\\Users\\balin\\AppData\\Local\\Temp\\rust_mozprofile.ljmVpVLoFHZt"
1563138582299	addons.webextension.screenshots@mozilla.org	WARN	Loading extension 'screenshots@mozilla.org': Reading manifest: Invalid extension permission: mozillaAddons
1563138582300	addons.webextension.screenshots@mozilla.org	WARN	Loading extension 'screenshots@mozilla.org': Reading manifest: Invalid extension permission: telemetry
1563138582300	addons.webextension.screenshots@mozilla.org	WARN	Loading extension 'screenshots@mozilla.org': Reading manifest: Invalid extension permission: resource://pdf.js/
1563138582300	addons.webextension.screenshots@mozilla.org	WARN	Loading extension 'screenshots@mozilla.org': Reading manifest: Invalid extension permission: about:reader*
1563138584027	Marionette	INFO	Listening on port 55468
1563138584076	Marionette	WARN	TLS certificate errors will be ignored for this session
console.error: BroadcastService: 
  receivedBroadcastMessage: handler for
  remote-settings/monitor_changes
  threw error:
  Message: Error: Polling for changes failed: http://%(server)s/dummy/blocklist//buckets/monitor/collections/changes/records?_expected=%221563062407121%22 is not a valid URL..
  Stack:
    remoteSettingsFunction/remoteSettings.pollChanges@resource://services-settings/remote-settings.js:201:13

[Parent 14052, Gecko_IOThread] WARNING: pipe error: 109: file z:/task_1562361253/build/src/ipc/chromium/src/chrome/common/ipc_channel_win.cc, line 341
[Child 11452, Chrome_ChildThread] WARNING: pipe error: 109: file z:/task_1562361253/build/src/ipc/chromium/src/chrome/common/ipc_channel_win.cc, line[Chil d 1368341
8, Chrome_C[Child 11452, Chrome_ChildThildThread] WARNING: pipe error: 109: file z:/task_1562361253/build/src/ipc/chromium/src/chrome/common/ipc_channel_win.cc, line 341
[Child 13688[Child 13728, Chrome_ChildThread] WARNING: pipe error: 109: file z:/task_1562361253/build/src/ipc/chromium/src/chrome/common/ipc_channel_win.cc, line 341
[Child 13728, 1563139406820	Marionette	INFO	Stopped listening on port 55468

###!!! [Child][RunMessage] Error: Channel closing: too late to send/recv, messages will be lost

[G
###!!! [Child][MessageChannel::SendAndWait] Error: Channel error: cannot send/recv

1563139410617	mozrunner::runner	INFO	Running command: "C:\\Program Files\\Mozilla Firefox\\firefox.exe" "-marionette" "-foreground" "-no-remote" "-profile" "C:\\Users\\balin\\AppData\\Local\\Temp\\rust_mozprofile.uYENYjlw8bRB"
1563139411071	addons.webextension.screenshots@mozilla.org	WARN	Loading extension 'screenshots@mozilla.org': Reading manifest: Invalid extension permission: mozillaAddons
1563139411071	addons.webextension.screenshots@mozilla.org	WARN	Loading extension 'screenshots@mozilla.org': Reading manifest: Invalid extension permission: telemetry
1563139411072	addons.webextension.screenshots@mozilla.org	WARN	Loading extension 'screenshots@mozilla.org': Reading manifest: Invalid extension permission: resource://pdf.js/
1563139411072	addons.webextension.screenshots@mozilla.org	WARN	Loading extension 'screenshots@mozilla.org': Reading manifest: Invalid extension permission: about:reader*
1563139412782	Marionette	INFO	Listening on port 55668
1563139412827	Marionette	WARN	TLS certificate errors will be ignored for this session
console.error: BroadcastService: 
  receivedBroadcastMessage: handler for
  remote-settings/monitor_changes
  threw error:
  Message: Error: Polling for changes failed: http://%(server)s/dummy/blocklist//buckets/monitor/collections/changes/records?_expected=%221563062407121%22 is not a valid URL..
  Stack:
    remoteSettingsFunction/remoteSettings.pollChanges@resource://services-settings/remote-settings.js:201:13

[Child 20460, Chrome_ChildThread] WARNING: pipe error: 109: file z:/task_1562361253/build/src/ipc/chromium/src/chrome/common/ipc_channel_win.cc, line 341
[Child 2046[Child 9336, Chrome_ChildThread] WARNING: pipe error: 109: file z:/task_1562361253/build/src/ipc/chromium/src/chrome/common/ipc_channel_win.cc, line 341
[Child 9336, Chrome_Chil[Parent 7976, Gecko_IOThread] WARNING: pipe error: 109: file z:/task_1562361253/build/src/ipc/chromium/src/chrome/common/ipc_channel_win.cc, line 341
[Child 7092, Chrome_ChildThread] WARNING: pipe error: 109: file z:/task_1562361253/build/src/ipc/chromium/src/chrome/common/ipc_channel_win.cc, line 341
[Child 70921563139694294	Marionette	INFO	Stopped listening on port 55668

###!!! [Child][RunMessage] Error: Channel closing: too late to send/recv, messages will be lost

[GPU 17836, Chro
###!!! [Child][MessageChannel::SendAndWait] Error: Channel error: cannot send/recv

1563139700977	mozrunner::runner	INFO	Running command: "C:\\Program Files\\Mozilla Firefox\\firefox.exe" "-marionette" "-foreground" "-no-remote" "-profile" "C:\\Users\\balin\\AppData\\Local\\Temp\\rust_mozprofile.d8Qn5lZ7U9vS"
1563139701446	addons.webextension.screenshots@mozilla.org	WARN	Loading extension 'screenshots@mozilla.org': Reading manifest: Invalid extension permission: mozillaAddons
1563139701446	addons.webextension.screenshots@mozilla.org	WARN	Loading extension 'screenshots@mozilla.org': Reading manifest: Invalid extension permission: telemetry
1563139701446	addons.webextension.screenshots@mozilla.org	WARN	Loading extension 'screenshots@mozilla.org': Reading manifest: Invalid extension permission: resource://pdf.js/
1563139701446	addons.webextension.screenshots@mozilla.org	WARN	Loading extension 'screenshots@mozilla.org': Reading manifest: Invalid extension permission: about:reader*
1563139703098	Marionette	INFO	Listening on port 55778
1563139703188	Marionette	WARN	TLS certificate errors will be ignored for this session
[Child 17828, Chrome_ChildThread] WARNING: pipe error: 109: file z:/task_1562361253/build/src/ipc/chromium/src/chrome/common/ipc_channel_win.cc, line 341
[Child 17828, C1563139783509	Marionette	INFO	Stopped listening on port 55778
[GPU 8
###!!! [Child][RunMessage] Error: Channel closing: too late to send/recv, messages will be lost


###!!! [Child][MessageChannel::SendAndWait] Error: Channel error: cannot send/recv

1563139787131	mozrunner::runner	INFO	Running command: "C:\\Program Files\\Mozilla Firefox\\firefox.exe" "-marionette" "-foreground" "-no-remote" "-profile" "C:\\Users\\balin\\AppData\\Local\\Temp\\rust_mozprofile.eKGzLaZWP10g"
1563139787585	addons.webextension.screenshots@mozilla.org	WARN	Loading extension 'screenshots@mozilla.org': Reading manifest: Invalid extension permission: mozillaAddons
1563139787586	addons.webextension.screenshots@mozilla.org	WARN	Loading extension 'screenshots@mozilla.org': Reading manifest: Invalid extension permission: telemetry
1563139787586	addons.webextension.screenshots@mozilla.org	WARN	Loading extension 'screenshots@mozilla.org': Reading manifest: Invalid extension permission: resource://pdf.js/
1563139787586	addons.webextension.screenshots@mozilla.org	WARN	Loading extension 'screenshots@mozilla.org': Reading manifest: Invalid extension permission: about:reader*
1563139789238	Marionette	INFO	Listening on port 55888
1563139789249	Marionette	WARN	TLS certificate errors will be ignored for this session
[Child 16724, Chrome_ChildThread] WARNING: pipe error: 109: file z:/task_1562361253/build/src/ipc/chromium/src/chrome/common/ipc_channel_win.cc, line 341
[Child 16724, Chrome_ChildThread] WAR[Child 21856, Chrome_ChildThread] WARNING: pipe error: 109: file z:/task_1562361253/build/src/ipc/chromium/src/chrome/common/ipc_channel_win.cc, line 341
[Child 21856, Ch1563139798537	mozrunner::runner	INFO	Running command: "C:\\Program Files\\Mozilla Firefox\\firefox.exe" "-marionette" "-foreground" "-no-remote" "-profile" "C:\\Users\\balin\\AppData\\Local\\Temp\\rust_mozprofile.QF6ukTCo6bCZ"
1563139799033	addons.webextension.screenshots@mozilla.org	WARN	Loading extension 'screenshots@mozilla.org': Reading manifest: Invalid extension permission: mozillaAddons
1563139799033	addons.webextension.screenshots@mozilla.org	WARN	Loading extension 'screenshots@mozilla.org': Reading manifest: Invalid extension permission: telemetry
1563139799034	addons.webextension.screenshots@mozilla.org	WARN	Loading extension 'screenshots@mozilla.org': Reading manifest: Invalid extension permission: resource://pdf.js/
1563139799034	addons.webextension.screenshots@mozilla.org	WARN	Loading extension 'screenshots@mozilla.org': Reading manifest: Invalid extension permission: about:reader*
1563139800734	Marionette	INFO	Listening on port 55940
1563139800769	Marionette	WARN	TLS certificate errors will be ignored for this session
console.error: BroadcastService: 
  receivedBroadcastMessage: handler for
  remote-settings/monitor_changes
  threw error:
  Message: Error: Polling for changes failed: http://%(server)s/dummy/blocklist//buckets/monitor/collections/changes/records?_expected=%221563062407121%22 is not a valid URL..
  Stack:
    remoteSettingsFunction/remoteSettings.pollChanges@resource://services-settings/remote-settings.js:201:13

[Child 240, Chrome_ChildThread] WARNING: pipe error: 109: file z:/task_1562361253/build/src/ipc/chromium/src/chrome/common/ipc_channel_win.cc, line 341
[Child 240, C[Chhriome_Chld 7040, Chrome_ChildThread] WARNING: pipe error: 109: file z:/task_1562361253/build/src/ipc/chromium/src/chrome/common/ipc_channel_win.cc, line 341
[Child 7040, C1563139856573	Marionette	INFO	Stopped listening on port 55940
[GPU 604
###!!! [Child][RunMessage] Error: Channel closing: too late to send/recv, messages will be lost

8, Ch
###!!! [Child][MessageChannel::SendAndWait] Error: Channel error: cannot send/recv

1563139861100	mozrunner::runner	INFO	Running command: "C:\\Program Files\\Mozilla Firefox\\firefox.exe" "-marionette" "-foreground" "-no-remote" "-profile" "C:\\Users\\balin\\AppData\\Local\\Temp\\rust_mozprofile.daTwBMMox1h0"
1563139861566	addons.webextension.screenshots@mozilla.org	WARN	Loading extension 'screenshots@mozilla.org': Reading manifest: Invalid extension permission: mozillaAddons
1563139861566	addons.webextension.screenshots@mozilla.org	WARN	Loading extension 'screenshots@mozilla.org': Reading manifest: Invalid extension permission: telemetry
1563139861566	addons.webextension.screenshots@mozilla.org	WARN	Loading extension 'screenshots@mozilla.org': Reading manifest: Invalid extension permission: resource://pdf.js/
1563139861566	addons.webextension.screenshots@mozilla.org	WARN	Loading extension 'screenshots@mozilla.org': Reading manifest: Invalid extension permission: about:reader*
1563139863204	Marionette	INFO	Listening on port 56032
1563139863213	Marionette	WARN	TLS certificate errors will be ignored for this session
[Child 8428, Chrome_ChildThread] WARNING: pipe error: 109: file z:/task_1562361253/build/src/ipc/chromium/src/chrome/common/ipc_channel_win.cc, line 341
[Child 1236[Chil4, Chrdo 8428, Chme_ChildThread] WARNING: pipe error: 109: file z:/task_1562361253/build/src/ipc/chromium/src/chrome/common/ipc_channel_win.cc, line 341
[Child 12364, C[Parent 9532, Gecko_IOThread] WARNING: pipe error: 109: file z:/task_1562361253/build/src/ipc/chromium/src/chrome/common/ipc_channel_win.cc, line 341
[Child 17064, Chrome_ChildThread] WARNING: pipe error: 109: file z:/task_1562361253/build/src/ipc/chromium/src/chrome/common/ipc_channel_win.cc, line 341
[Child 17064, 1563139889056	Marionette	INFO	Stopped listening on port 56032
[GPU 22476
###!!! [Child][RunMessage] Error: Channel closing: too late to send/recv, messages will be lost


###!!! [Child][MessageChannel::SendAndWait] Error: Channel error: cannot send/recv

1563139894316	mozrunner::runner	INFO	Running command: "C:\\Program Files\\Mozilla Firefox\\firefox.exe" "-marionette" "-foreground" "-no-remote" "-profile" "C:\\Users\\balin\\AppData\\Local\\Temp\\rust_mozprofile.bipGLAXtf6gI"
1563139894765	addons.webextension.screenshots@mozilla.org	WARN	Loading extension 'screenshots@mozilla.org': Reading manifest: Invalid extension permission: mozillaAddons
1563139894766	addons.webextension.screenshots@mozilla.org	WARN	Loading extension 'screenshots@mozilla.org': Reading manifest: Invalid extension permission: telemetry
1563139894766	addons.webextension.screenshots@mozilla.org	WARN	Loading extension 'screenshots@mozilla.org': Reading manifest: Invalid extension permission: resource://pdf.js/
1563139894766	addons.webextension.screenshots@mozilla.org	WARN	Loading extension 'screenshots@mozilla.org': Reading manifest: Invalid extension permission: about:reader*
1563139896426	Marionette	INFO	Listening on port 56077
1563139896436	Marionette	WARN	TLS certificate errors will be ignored for this session
[Parent 11956, Gecko_IOThread] WARNING: pipe error: 109: file z:/task_1562361253/build/src/ipc/chromium/src/chrome/common/ipc_channel_win.cc, line 341
[Child 13316, Chrome_ChildThread] WARNING: pipe error: 109: file z:/task_1562361253/build/src/ipc/chromium/src/chrome/common/ipc_channel_win.cc, line 341
[Child 13316, Chrome_ChildThread] WARNING: pipe [Parent 11956, Gecko_IOThread] WARNING: pipe error: 109: file z:/task_1562361253/build/src/ipc/chromium/src/chrome/common/ipc_channel_win.cc, line 341
1563139958665	Marionette	INFO	Stopped listening on port 56077

###!!! [Child][RunMessage] Error: Channel closing: too late to send/recv, messages will be lost

[GPU 14824, Chrome_
###!!! [Child][MessageChannel::SendAndWait] Error: Channel error: cannot send/recv

1563175101447	mozrunner::runner	INFO	Running command: "C:\\Program Files\\Mozilla Firefox\\firefox.exe" "-marionette" "-foreground" "-no-remote" "-profile" "C:\\Users\\balin\\AppData\\Local\\Temp\\rust_mozprofile.VUu6mpoki7Pu"
1563175102234	addons.webextension.screenshots@mozilla.org	WARN	Loading extension 'screenshots@mozilla.org': Reading manifest: Invalid extension permission: mozillaAddons
1563175102235	addons.webextension.screenshots@mozilla.org	WARN	Loading extension 'screenshots@mozilla.org': Reading manifest: Invalid extension permission: telemetry
1563175102235	addons.webextension.screenshots@mozilla.org	WARN	Loading extension 'screenshots@mozilla.org': Reading manifest: Invalid extension permission: resource://pdf.js/
1563175102235	addons.webextension.screenshots@mozilla.org	WARN	Loading extension 'screenshots@mozilla.org': Reading manifest: Invalid extension permission: about:reader*
1563175103951	Marionette	INFO	Listening on port 56862
1563175104170	Marionette	WARN	TLS certificate errors will be ignored for this session
console.error: BroadcastService: 
  receivedBroadcastMessage: handler for
  remote-settings/monitor_changes
  threw error:
  Message: Error: Polling for changes failed: http://%(server)s/dummy/blocklist//buckets/monitor/collections/changes/records?_expected=%221563062407121%22 is not a valid URL..
  Stack:
    remoteSettingsFunction/remoteSettings.pollChanges@resource://services-settings/remote-settings.js:201:13

[Parent 20876, Gecko_IOThread] WARNING: pipe error: 109: file z:/task_1562361253/build/src/ipc/chromium/src/chrome/common/ipc_channel_win.cc, line 341
[Child 18988, Chrome_ChildThread] WARNING: pipe error: 109: file z:/task_1562361253/build/src/ipc/chromium/src/chrome/common/ipc_channel_win.cc, line 341
[Child 18988, C[Child 21712, Chrome_ChildThread] WARNING: pipe error: 109: file z:/task_1562361253/build/src/ipc/chromium/src/chrome/common/ipc_channel_win.cc, line 341
[Child 21712, 
###!!! [Child][MessageChannel] Error: (msgtype=0x530005,name=PHttpChannel::Msg_Cancel) Closed channel: cannot send/recv

Chrome_ChildThread][Child 10432, Chrome_ChildThread] WARNING: pipe error: 109: file z:/task_1562361253/build/src/ipc/chromium/src/chrome/common/ipc_channel_win.cc, line 341
[Child 10432, Chrome_Ch1563175595959	Marionette	INFO	Stopped listening on port 56862
[GPU 15460, Chrome_ChildT
###!!! [Child][MessageChannel::SendAndWait] Error: Channel error: cannot send/recv

hanges@resource://services-settings/remote-settings.js:201:13

[Child 10552, Chrome_ChildThread] WARNING: pipe error: 109: file z:/task_1562361253/build/src/ipc/chromium/src/chrome/common/ipc_channel_win.cc, line 341
[Child 10552, Chrome_ChildThread] WARNING: pipe [Child 6728, Chrome_ChildThread] WARNING: pipe error: 109: file z:/task_1562361253/build/src/ipc/chromium/src/chrome/common/ipc_channel_win.cc, line 341
[Child 6728, Chro1563175596621	Marionette	INFO	Stopped listening on port 57064

###!!! [Child][RunMessage] Error: Channel closing: too late to send/recv, messages will be lost

[GPU 1772
###!!! [Child][MessageChannel::SendAndWait] Error: Channel error: cannot send/recv

 extension 'screenshots@mozilla.org': Reading manifest: Invalid extension permission: resource://pdf.js/
1563175488213	addons.webextension.screenshots@mozilla.org	WARN	Loading extension 'screenshots@mozilla.org': Reading manifest: Invalid extension permission: about:reader*
1563175489994	Marionette	INFO	Listening on port 57247
1563175490453	Marionette	WARN	TLS certificate errors will be ignored for this session
console.error: BroadcastService: 
  receivedBroadcastMessage: handler for
  remote-settings/monitor_changes
  threw error:
  Message: Error: Polling for changes failed: http://%(server)s/dummy/blocklist//buckets/monitor/collections/changes/records?_expected=%221563062407121%22 is not a valid URL..
  Stack:
    remoteSettingsFunction/remoteSettings.pollChanges@resource://services-settings/remote-settings.js:201:13

[Parent 14152, Gecko_IOThread] WARNING: pipe error: 109: file z:/task_1562361253/build/src/ipc/chromium/src/chrome/common/ipc_channel_win.cc, line 341
[Parent 14152, Gecko_IOThread] WARNING: pipe error: 109: file z:/task_1562361253/build/src/ipc/chromium/src/chrome/common/ipc_channel_win.cc, line 341

###!!! [Child][MessageChannel] Error: (msgtype=0x530005,name=PHttpChannel::Msg_Cancel) Closed channel: cannot send/recv

[Child 21532, Chr[Child 9220, Chrome_ChildThread] WARNING: pipe error: 109: file z:/task_1562361253/build/src/ipc/chromium/src/chrome/common/ipc_channel_win.cc, line 341
[Chil[Parent 14152, Gecko_IOThread] WARNING: pipe error: 109: file z:/task_1562361253/build/src/ipc/chromium/src/chrome/common/ipc_channel_win.cc, line 341
[Child 20512, Chrome_ChildThread] WARNING: pipe error: 109: file z:/task_1562361253/build/src/ipc/chromium/src/chrome/common/ipc_channel_win.cc, line 341
[Child 20512, 1563175597303	Marionette	INFO	Stopped listening on port 57247

###!!! [Child][RunMessage] Error: Channel closing: too late to send/recv, messages will be lost

[GPU 21984, Chro
###!!! [Child][MessageChannel::SendAndWait] Error: Channel error: cannot send/recv

1563175679607	mozrunner::runner	INFO	Running command: "C:\\Program Files\\Mozilla Firefox\\firefox.exe" "-marionette" "-foreground" "-no-remote" "-profile" "C:\\Users\\balin\\AppData\\Local\\Temp\\rust_mozprofile.81IY11ky0VMe"
1563175680071	addons.webextension.screenshots@mozilla.org	WARN	Loading extension 'screenshots@mozilla.org': Reading manifest: Invalid extension permission: mozillaAddons
1563175680072	addons.webextension.screenshots@mozilla.org	WARN	Loading extension 'screenshots@mozilla.org': Reading manifest: Invalid extension permission: telemetry
1563175680072	addons.webextension.screenshots@mozilla.org	WARN	Loading extension 'screenshots@mozilla.org': Reading manifest: Invalid extension permission: resource://pdf.js/
1563175680072	addons.webextension.screenshots@mozilla.org	WARN	Loading extension 'screenshots@mozilla.org': Reading manifest: Invalid extension permission: about:reader*
1563175681775	Marionette	INFO	Listening on port 57343
1563175681819	Marionette	WARN	TLS certificate errors will be ignored for this session
console.error: BroadcastService: 
  receivedBroadcastMessage: handler for
  remote-settings/monitor_changes
  threw error:
  Message: Error: Polling for changes failed: http://%(server)s/dummy/blocklist//buckets/monitor/collections/changes/records?_expected=%221563062407121%22 is not a valid URL..
  Stack:
    remoteSettingsFunction/remoteSettings.pollChanges@resource://services-settings/remote-settings.js:201:13

[Parent 13780, Gecko_IOThread] WARNING: pipe error: 109: file z:/task_1562361253/build/src/ipc/chromium/src/chrome/common/ipc_channel_win.cc, line 341
[Child 11376, Chrome_ChildThread] WARNING: pipe error: 109: file z:/task_1562361253/build/src/ipc/chromium/src/chrome/common/ipc_channel_win.cc, line 341
[Child 11376, Chrome_ChildThread] WAR[Child 11996, Chrome_ChildThread] WARNING: pipe error: 109: file z:/task_1562361253/build/src/ipc/chromium/src/chrome/common/ipc_channel_win.cc, line 341
[Child 11996, C[Parent 13780, Gecko_IOThread] WARNING: pipe error: 109: file z:/task_1562361253/build/src/ipc/chromium/src/chrome/common/ipc_channel_win.cc, line 341
[Child 22256, Chrome_ChildThread] WARNING: pipe error: 109: file z:/task_1562361253/build/src/ipc/chromium/src/chrome/common/ipc_channel_win.cc, line 341
[Child 22256, Chrome_1563175842018	Marionette	INFO	Stopped listening on port 57343

###!!! [Child][RunMessage] Error: Channel closing: too late to send/recv, messages will be lost

[G
###!!! [Child][MessageChannel::SendAndWait] console.error: BroadcastService: 
  receivedBroadcastMessage: handler for
  remote-settings/monitor_changes
  threw error:
  Message: Error: Polling for changes failed: http://%(server)s/dummy/blocklist//buckets/monitor/collections/changes/records?_expected=%221563062407121%22 is not a valid URL..
  Stack:
    remoteSettingsFunction/remoteSettings.pollChanges@resource://services-settings/remote-settings.js:201:13

[Child 15664, Chrome_ChildThread] WARNING: pipe error: 109: file z:/task_1562361253/build/src/ipc/chromium/src/chrome/common/ipc_channel_win.cc, line 341
[Child 15664, [Child 19096, Chrome_ChildThread] WARNING: pipe error: 109: file z:/task_1562361253/build/src/ipc/chromium/src/chrome/common/ipc_channel_win.cc, line 341
[Child 19096, Chrome_ChildThread] WARNING: pipe error: 109: file z:/task_1562361253/build/src/ipc/chromium/src/chrome/common/ipc_channel_win.cc, line 341

###!!! [Child][MessageChannel] Error: (msgtype=0x530005,name=PHttpChannel::Msg_Cancel) Closed channel: cannot send/recv

[Parent 3036, Gecko_IOThread] WARNING: pipe error: 109: file z:/task_1562361253/build/src/ipc/chromium/src/chrome/common/ipc_channel_win.cc, line 341
1563176323681	Marionette	INFO	Stopped listening on port 57392

###!!! [Child][RunMessage] Error: Channel closing: too late to send/recv, messages will be lost

[GPU 21888, Chrome_NFO	Listening on port 57508
1563176271463	Marionette	WARN	TLS certificate errors will be ignored for this session
1563176322164	mozrunner::runner	INFO	Running command: "C:\\Program Files\\Mozilla Firefox\\firefox.exe" "-marionette" "-foreground" "-no-remote" "-profile" "C:\\Users\\balin\\AppData\\Local\\Temp\\rust_mozprofile.mRCfYIHpMVDg"
1563176322615	addons.webextension.screenshots@mozilla.org	WARN	Loading extension 'screenshots@mozilla.org': Reading manifest: Invalid extension permission: mozillaAddons
1563176322615	addons.webextension.screenshots@mozilla.org	WARN	Loading extension 'screenshots@mozilla.org': Reading manifest: Invalid extension permission: telemetry
1563176322616	addons.webextension.screenshots@mozilla.org	WARN	Loading extension 'screenshots@mozilla.org': Reading manifest: Invalid extension permission: resource://pdf.js/
1563176322616	addons.webextension.screenshots@mozilla.org	WARN	Loading extension 'screenshots@mozilla.org': Reading manifest: Invalid extension permission: about:reader*
1563176324484	Marionette	INFO	Listening on port 57552
1563176324876	Marionette	WARN	TLS certificate errors will be ignored for this session
console.error: BroadcastService: 
  receivedBroadcastMessage: handler for
  remote-settings/monitor_changes
  threw error:
  Message: Error: Polling for changes failed: http://%(server)s/dummy/blocklist//buckets/monitor/collections/changes/records?_expected=%221563062407121%22 is not a valid URL..
  Stack:
    remoteSettingsFunction/remoteSettings.pollChanges@resource://services-settings/remote-settings.js:201:13

[Parent 17348, Gecko_IOThread] WARNING: pipe error: 109: file z:/task_1562361253/build/src/ipc/chromium/src/chrome/common/ipc_channel_win.cc, line 341
[Parent 17348, Gecko_IOThread] WARNING: pipe error: 109: file z:/task_1562361253/build/src/ipc/chromium/src/chrome/common/ipc_channel_win.cc, line 341
[Child 6088, Chrome_ChildThread] WARNING: pipe error: 109: file z:/task_1562361253/build/src/ipc/chromium/src/chrome/common/ipc_channel_win.cc, line 341
[Child 6088, Chrome_ChildThr
###!!! [Child][MessageChannel] Error: (msgtype=0x530005,name=PHttpChannel::Msg_Cancel) Closed channel: cannot send/recv

[Child 8092, Chrome_ChildT[Parent 17348, Gecko_IOThread] WARNING: pipe error: 109: file z:/task_1562361253/build/src/ipc/chromium/src/chrome/common/ipc_channel_win.cc, line 341
1563192228254	Marionette	INFO	Stopped listening on port 57552
[GPU 18300, Chro
###!!! [Child][RunMessage] Error: Channel closing: too late to send/recv, messages will be lost

memoteSettings.pollChanges@resource://services-settings/remote-settings.js:201:13

[Parent 18564, Gecko_IOThread] WARNING: pipe error: 109: file z:/task_1562361253/build/src/ipc/chromium/src/chrome/common/ipc_channel_win.cc, line 341
[Child 22224, Chrome_ChildThread] WARNING: pipe error: 109: file z:/task_1562361253/build/src/ipc/chromium/src/chrome/common/ipc_channel_win.cc, line 341
[Child 22224, Chrome_Chil[Child 3244, Chrome_ChildThread] WARNING: pipe error: 109: file z:/task_1562361253/build/src/ipc/chromium/src/chrome/common/ipc_channel_win.cc, line 341

###!!! [Child][MessageChannel] Error: (msgtype=0x530005,name=PHttpChannel::Msg_Cancel) Closed channel: cannot send/recv

[Child 3244, Chrome_ChildThread] WARNING: pi[Parent 18564, Gecko_IOThread] WARNING: pipe error: 109: file z:/task_1562361253/build/src/ipc/chromium/src/chrome/common/ipc_channel_win.cc, line 341
[Child 8680, Chrome_ChildThread] WARNING: pipe error: 109: file z:/task_1562361253/build/src/ipc/chromium/src/chrome/common/ipc_channel_win.cc, line 341
[C1563192227473	Marionette	INFO	Stopped listening on port 57606

###!!! [Child][RunMessage] Error: Channel closing: too late to send/recv, messages will be lost

[GPU 22056, C
###!!! [Child][MessageChannel::SendAndWait] Error: Channel error: cannot send/recv

1588465195267	mozrunner::runner	INFO	Running command: "C:\\Program Files\\Mozilla Firefox\\firefox.exe" "-marionette" "-foreground" "-no-remote" "-profile" "C:\\Users\\balin\\AppData\\Local\\Temp\\rust_mozprofile.kAmhGzSTIc6b"
1588465196148	addons.webextension.doh-rollout@mozilla.org	WARN	Loading extension 'doh-rollout@mozilla.org': Reading manifest: Invalid extension permission: networkStatus
1588465196848	addons.webextension.screenshots@mozilla.org	WARN	Loading extension 'screenshots@mozilla.org': Reading manifest: Invalid extension permission: mozillaAddons
1588465196848	addons.webextension.screenshots@mozilla.org	WARN	Loading extension 'screenshots@mozilla.org': Reading manifest: Invalid extension permission: telemetry
1588465196848	addons.webextension.screenshots@mozilla.org	WARN	Loading extension 'screenshots@mozilla.org': Reading manifest: Invalid extension permission: resource://pdf.js/
1588465196848	addons.webextension.screenshots@mozilla.org	WARN	Loading extension 'screenshots@mozilla.org': Reading manifest: Invalid extension permission: about:reader*
JavaScript error: resource://gre/modules/XULStore.jsm, line 66: Error: Can't find profile directory.
1588465199712	Marionette	INFO	Listening on port 51078
1588465200017	Marionette	WARN	TLS certificate errors will be ignored for this session
[Child 19900, Chrome_ChildThread] WARNING: pipe error: 232: file Z:/task_1585933993/build/src/ipc/chromium/src/chrome/common/ipc_channel_win.cc, line 514
1588465207302	Marionette	INFO	Stopped listening on port 51078

###!!! [Child][RunMessage] Error: Channel closing: too late to send/recv, messages will be lost


###!!! [Child][MessageChannel::SendAndWait] Error: Channel error: cannot send/recv

1588465227395	mozrunner::runner	INFO	Running command: "C:\\Program Files\\Mozilla Firefox\\firefox.exe" "-marionette" "-foreground" "-no-remote" "-profile" "C:\\Users\\balin\\AppData\\Local\\Temp\\rust_mozprofile.sHFBKkw8BNvq"
1588465227858	addons.webextension.doh-rollout@mozilla.org	WARN	Loading extension 'doh-rollout@mozilla.org': Reading manifest: Invalid extension permission: networkStatus
1588465228611	addons.webextension.screenshots@mozilla.org	WARN	Loading extension 'screenshots@mozilla.org': Reading manifest: Invalid extension permission: mozillaAddons
1588465228611	addons.webextension.screenshots@mozilla.org	WARN	Loading extension 'screenshots@mozilla.org': Reading manifest: Invalid extension permission: telemetry
1588465228611	addons.webextension.screenshots@mozilla.org	WARN	Loading extension 'screenshots@mozilla.org': Reading manifest: Invalid extension permission: resource://pdf.js/
1588465228611	addons.webextension.screenshots@mozilla.org	WARN	Loading extension 'screenshots@mozilla.org': Reading manifest: Invalid extension permission: about:reader*
JavaScript error: resource://gre/modules/XULStore.jsm, line 66: Error: Can't find profile directory.
1588465230953	Marionette	INFO	Listening on port 51151
1588465231037	Marionette	WARN	TLS certificate errors will be ignored for this session
1588465232357	Marionette	INFO	Stopped listening on port 51151

###!!! [Child][RunMessage] Error: Channel closing: too late to send/recv, messages will be lost


###!!! [Child][MessageChannel::SendAndWait] Error: Channel error: cannot send/recv

1588465264144	mozrunner::runner	INFO	Running command: "C:\\Program Files\\Mozilla Firefox\\firefox.exe" "-marionette" "-foreground" "-no-remote" "-profile" "C:\\Users\\balin\\AppData\\Local\\Temp\\rust_mozprofile.iEl3LNkkGhyT"
1588465264616	addons.webextension.doh-rollout@mozilla.org	WARN	Loading extension 'doh-rollout@mozilla.org': Reading manifest: Invalid extension permission: networkStatus
1588465265321	addons.webextension.screenshots@mozilla.org	WARN	Loading extension 'screenshots@mozilla.org': Reading manifest: Invalid extension permission: mozillaAddons
1588465265321	addons.webextension.screenshots@mozilla.org	WARN	Loading extension 'screenshots@mozilla.org': Reading manifest: Invalid extension permission: telemetry
1588465265321	addons.webextension.screenshots@mozilla.org	WARN	Loading extension 'screenshots@mozilla.org': Reading manifest: Invalid extension permission: resource://pdf.js/
1588465265322	addons.webextension.screenshots@mozilla.org	WARN	Loading extension 'screenshots@mozilla.org': Reading manifest: Invalid extension permission: about:reader*
JavaScript error: resource://gre/modules/XULStore.jsm, line 66: Error: Can't find profile directory.
1588465267507	Marionette	INFO	Listening on port 51211
1588465267781	Marionette	WARN	TLS certificate errors will be ignored for this session
JavaScript error: resource://gre/modules/UrlClassifierListManager.jsm, line 691: TypeError: this.tablesData[table] is undefined
1588465269441	Marionette	INFO	Stopped listening on port 51211

###!!! [Child][RunMessage] Error: Channel closing: too late to send/recv, messages will be lost


###!!! [Child][MessageChannel::SendAndWait] Error: Channel error: cannot send/recv

1588465321054	mozrunner::runner	INFO	Running command: "C:\\Program Files\\Mozilla Firefox\\firefox.exe" "-marionette" "-foreground" "-no-remote" "-profile" "C:\\Users\\balin\\AppData\\Local\\Temp\\rust_mozprofile.9bDNMxFch6RG"
1588465321521	addons.webextension.doh-rollout@mozilla.org	WARN	Loading extension 'doh-rollout@mozilla.org': Reading manifest: Invalid extension permission: networkStatus
1588465322257	addons.webextension.screenshots@mozilla.org	WARN	Loading extension 'screenshots@mozilla.org': Reading manifest: Invalid extension permission: mozillaAddons
1588465322257	addons.webextension.screenshots@mozilla.org	WARN	Loading extension 'screenshots@mozilla.org': Reading manifest: Invalid extension permission: telemetry
1588465322257	addons.webextension.screenshots@mozilla.org	WARN	Loading extension 'screenshots@mozilla.org': Reading manifest: Invalid extension permission: resource://pdf.js/
1588465322257	addons.webextension.screenshots@mozilla.org	WARN	Loading extension 'screenshots@mozilla.org': Reading manifest: Invalid extension permission: about:reader*
JavaScript error: resource://gre/modules/XULStore.jsm, line 66: Error: Can't find profile directory.
1588465324515	Marionette	INFO	Listening on port 51283
1588465324686	Marionette	WARN	TLS certificate errors will be ignored for this session
1588465400317	Marionette	INFO	Stopped listening on port 51283

###!!! [Child][RunMessage] Error: Channel closing: too late to send/recv, messages will be lost


###!!! [Child][MessageChannel::SendAndWait] Error: Channel error: cannot send/recv

